<?xml version="1.0" encoding="UTF-8"?>
<!-- Generated by org.testng.reporters.JUnitReportReporter -->
<testsuite hostname="NSL-MPARTIDAs-MacBook-Pro.local" failures="0" tests="1" name="challenge.agave.tests.CompanyFormPageTests" time="7.765" errors="0" timestamp="2020-11-26T13:52:46 CST" skipped="0">
  <testcase classname="challenge.agave.tests.CompanyFormPageTests" name="iniciateContractHappyPath" time="7.765"/>
  <system-out/>
</testsuite> <!-- challenge.agave.tests.CompanyFormPageTests -->
