<?xml version="1.0" encoding="UTF-8"?>
<!-- Generated by org.testng.reporters.JUnitReportReporter -->
<testsuite hostname="NSL-MPARTIDAs-MacBook-Pro.local" failures="0" tests="14" name="challenge.agave.tests.LimitTestingTests" time="0.016" errors="0" timestamp="2020-11-26T15:08:09 CST" skipped="0">
  <testcase classname="challenge.agave.tests.LimitTestingTests" name="testing" time="0.001"/>
  <system-out/>
  <testcase classname="challenge.agave.tests.LimitTestingTests" name="testing" time="0.001"/>
  <system-out/>
  <testcase classname="challenge.agave.tests.LimitTestingTests" name="testing" time="0.000"/>
  <system-out/>
  <testcase classname="challenge.agave.tests.LimitTestingTests" name="testing" time="0.002"/>
  <system-out/>
  <testcase classname="challenge.agave.tests.LimitTestingTests" name="testing" time="0.001"/>
  <system-out/>
  <testcase classname="challenge.agave.tests.LimitTestingTests" name="testing" time="0.001"/>
  <system-out/>
  <testcase classname="challenge.agave.tests.LimitTestingTests" name="testing" time="0.001"/>
  <system-out/>
  <testcase classname="challenge.agave.tests.LimitTestingTests" name="testing" time="0.001"/>
  <system-out/>
  <testcase classname="challenge.agave.tests.LimitTestingTests" name="testing" time="0.000"/>
  <system-out/>
  <testcase classname="challenge.agave.tests.LimitTestingTests" name="testing" time="0.001"/>
  <system-out/>
  <testcase classname="challenge.agave.tests.LimitTestingTests" name="testing" time="0.000"/>
  <system-out/>
  <testcase classname="challenge.agave.tests.LimitTestingTests" name="testing" time="0.005"/>
  <system-out/>
  <testcase classname="challenge.agave.tests.LimitTestingTests" name="testing" time="0.001"/>
  <system-out/>
  <testcase classname="challenge.agave.tests.LimitTestingTests" name="testing" time="0.001"/>
  <system-out/>
</testsuite> <!-- challenge.agave.tests.LimitTestingTests -->
